生成启动时间为 2018/9/3 13:39:11。
     1>项目“F:\minikbe\Hero\src\lib\dependencies\jsoncpp\makefiles\msvc2010\lib_json.vcxproj”在节点 2 上(Build 个目标)。
     1>ClCompile:
         D:\Program Files (x86)\Microsoft Visual Studio 12.0\VC\bin\CL.exe /c /I../../include /ZI /nologo /W3 /WX- /Od /Oy- /D WIN32 /D _DEBUG /D _LIB /D _UNICODE /D UNICODE /Gm /EHsc /RTC1 /MTd /GS /fp:precise /Zc:wchar_t /Zc:forScope /Fo"Debug\\" /Fd"Debug\vc120.pdb" /Gd /TP /analyze- /errorReport:prompt ..\..\src\lib_json\json_reader.cpp ..\..\src\lib_json\json_value.cpp ..\..\src\lib_json\json_writer.cpp
         json_writer.cpp
     1>f:\minikbe\hero\src\lib\dependencies\jsoncpp\src\lib_json\json_writer.cpp(48): warning C4005: “_CRT_SECURE_CPP_OVERLOAD_STANDARD_NAMES”: 宏重定义
                 d:\program files (x86)\microsoft visual studio 12.0\vc\include\crtdefs.h(421) : 参见“_CRT_SECURE_CPP_OVERLOAD_STANDARD_NAMES”的前一个定义
         json_value.cpp
         json_reader.cpp
     1>f:\minikbe\hero\src\lib\dependencies\jsoncpp\src\lib_json\json_reader.cpp(36): warning C4005: “_CRT_SECURE_CPP_OVERLOAD_STANDARD_NAMES”: 宏重定义
                 d:\program files (x86)\microsoft visual studio 12.0\vc\include\crtdefs.h(421) : 参见“_CRT_SECURE_CPP_OVERLOAD_STANDARD_NAMES”的前一个定义
         正在生成代码...
       Lib:
         D:\Program Files (x86)\Microsoft Visual Studio 12.0\VC\bin\Lib.exe /OUT:"F:\minikbe\Hero\src\Debug\lib_json.lib" /NOLOGO Debug\json_reader.obj
         Debug\json_value.obj
         Debug\json_writer.obj
         lib_json.vcxproj -> F:\minikbe\Hero\src\Debug\lib_json.lib
     1>已完成生成项目“F:\minikbe\Hero\src\lib\dependencies\jsoncpp\makefiles\msvc2010\lib_json.vcxproj”(Build 个目标)的操作。

生成成功。

已用时间 00:00:03.81
